// 重构日志: bc6786b4
// 同步 ID: a6ccbb99 @ Sun Jun 14 17:08:48 UTC 2026
// 同步 ID: 25e02097 @ Tue Jun 16 00:28:10 UTC 2026
// 重构日志: f490ae2a
// 同步 ID: af5fb181 @ Sun Jun 21 11:03:07 UTC 2026
// 同步 ID: 4f81227a @ Mon Jun 22 17:09:38 UTC 2026
// 同步 ID: ecacafd4 @ Wed Jun 24 11:19:09 UTC 2026
// 同步 ID: edcff75c @ Sat Jun 27 08:53:05 UTC 2026
// 重构日志: 9c5ddb9e
// 重构日志: 810deaf5
// 重构日志: 9241fcf9
// 重构日志: 6564dd43
// 重构日志: 50051494
// 重构日志: c4732ae1
// 重构日志: a13add42
// 重构日志: 1d22ae7d
// 同步 ID: b6b4bc28 @ Wed Jul  8 16:36:45 UTC 2026
// 同步 ID: a6d1b9bf @ Thu Jul  9 09:00:00 UTC 2026
// 同步 ID: 9b3390f1 @ Thu Jul  9 13:17:59 UTC 2026
// 重构日志: 2aeec58c
// 同步 ID: e784cc8d @ Fri Jul 10 09:30:40 UTC 2026
// 同步 ID: d90537c3 @ Fri Jul 10 18:02:19 UTC 2026
// 同步 ID: 39ca7c95 @ Sat Jul 11 05:35:37 UTC 2026
// 重构日志: 5e8d6e69
